2023-05-31 16:45:38.120  INFO 32624 --- [restartedMain] c.c.a.PurchasePortalBackEndApplication   : Starting PurchasePortalBackEndApplication using Java 17.0.1 on BinThabit with PID 32624 (C:\Users\Khalil\CST833\PurchasePortal\PurchasePortalWebParent\PurchasePortalBackEnd\target\classes started by Khalil in C:\Users\Khalil\CST833\PurchasePortal\PurchasePortalWebParent\PurchasePortalBackEnd)
2023-05-31 16:45:38.121  INFO 32624 --- [restartedMain] c.c.a.PurchasePortalBackEndApplication   : No active profile set, falling back to 1 default profile: "default"
2023-05-31 16:45:38.657  INFO 32624 --- [restartedMain] .s.d.r.c.RepositoryConfigurationDelegate : Bootstrapping Spring Data JPA repositories in DEFAULT mode.
2023-05-31 16:45:38.698  INFO 32624 --- [restartedMain] .s.d.r.c.RepositoryConfigurationDelegate : Finished Spring Data repository scanning in 36 ms. Found 3 JPA repository interfaces.
2023-05-31 16:45:38.904  INFO 32624 --- [restartedMain] o.s.b.w.embedded.tomcat.TomcatWebServer  : Tomcat initialized with port(s): 8080 (http)
2023-05-31 16:45:38.905  INFO 32624 --- [restartedMain] o.apache.catalina.core.StandardService   : Starting service [Tomcat]
2023-05-31 16:45:38.905  INFO 32624 --- [restartedMain] org.apache.catalina.core.StandardEngine  : Starting Servlet engine: [Apache Tomcat/9.0.75]
2023-05-31 16:45:38.956  INFO 32624 --- [restartedMain] o.a.c.c.C.[.[.[/purchaseadmin]           : Initializing Spring embedded WebApplicationContext
2023-05-31 16:45:38.958  INFO 32624 --- [restartedMain] w.s.c.ServletWebServerApplicationContext : Root WebApplicationContext: initialization completed in 829 ms
2023-05-31 16:45:39.045  INFO 32624 --- [restartedMain] o.hibernate.jpa.internal.util.LogHelper  : HHH000204: Processing PersistenceUnitInfo [name: default]
2023-05-31 16:45:39.067  INFO 32624 --- [restartedMain] com.zaxxer.hikari.HikariDataSource       : HikariPool-5 - Starting...
2023-05-31 16:45:39.091  INFO 32624 --- [restartedMain] com.zaxxer.hikari.HikariDataSource       : HikariPool-5 - Start completed.
2023-05-31 16:45:39.091  INFO 32624 --- [restartedMain] org.hibernate.dialect.Dialect            : HHH000400: Using dialect: org.hibernate.dialect.MySQL8Dialect
2023-05-31 16:45:39.278  INFO 32624 --- [restartedMain] o.h.e.t.j.p.i.JtaPlatformInitiator       : HHH000490: Using JtaPlatform implementation: [org.hibernate.engine.transaction.jta.platform.internal.NoJtaPlatform]
2023-05-31 16:45:39.279  INFO 32624 --- [restartedMain] j.LocalContainerEntityManagerFactoryBean : Initialized JPA EntityManagerFactory for persistence unit 'default'
2023-05-31 16:45:39.488  WARN 32624 --- [restartedMain] JpaBaseConfiguration$JpaWebConfiguration : spring.jpa.open-in-view is enabled by default. Therefore, database queries may be performed during view rendering. Explicitly configure spring.jpa.open-in-view to disable this warning
2023-05-31 16:45:39.618  WARN 32624 --- [restartedMain] o.s.s.c.a.web.builders.WebSecurity       : You are asking Spring Security to ignore Ant [pattern='/images/**']. This is not recommended -- please use permitAll via HttpSecurity#authorizeHttpRequests instead.
2023-05-31 16:45:39.619  INFO 32624 --- [restartedMain] o.s.s.web.DefaultSecurityFilterChain     : Will not secure Ant [pattern='/images/**']
2023-05-31 16:45:39.619  WARN 32624 --- [restartedMain] o.s.s.c.a.web.builders.WebSecurity       : You are asking Spring Security to ignore Ant [pattern='/js/**']. This is not recommended -- please use permitAll via HttpSecurity#authorizeHttpRequests instead.
2023-05-31 16:45:39.619  INFO 32624 --- [restartedMain] o.s.s.web.DefaultSecurityFilterChain     : Will not secure Ant [pattern='/js/**']
2023-05-31 16:45:39.619  WARN 32624 --- [restartedMain] o.s.s.c.a.web.builders.WebSecurity       : You are asking Spring Security to ignore Ant [pattern='/webjars/**']. This is not recommended -- please use permitAll via HttpSecurity#authorizeHttpRequests instead.
2023-05-31 16:45:39.619  INFO 32624 --- [restartedMain] o.s.s.web.DefaultSecurityFilterChain     : Will not secure Ant [pattern='/webjars/**']
2023-05-31 16:45:39.620  WARN 32624 --- [restartedMain] o.s.s.c.a.web.builders.WebSecurity       : You are asking Spring Security to ignore Ant [pattern='/style/**']. This is not recommended -- please use permitAll via HttpSecurity#authorizeHttpRequests instead.
2023-05-31 16:45:39.620  INFO 32624 --- [restartedMain] o.s.s.web.DefaultSecurityFilterChain     : Will not secure Ant [pattern='/style/**']
2023-05-31 16:45:39.632  INFO 32624 --- [restartedMain] o.s.s.web.DefaultSecurityFilterChain     : Will secure any request with [org.springframework.security.web.session.DisableEncodeUrlFilter@2379d110, org.springframework.security.web.context.request.async.WebAsyncManagerIntegrationFilter@7cb48529, org.springframework.security.web.context.SecurityContextPersistenceFilter@5ef1d6fe, org.springframework.security.web.header.HeaderWriterFilter@116d29b3, org.springframework.security.web.csrf.CsrfFilter@1528f046, org.springframework.security.web.authentication.logout.LogoutFilter@4004657e, org.springframework.security.web.authentication.UsernamePasswordAuthenticationFilter@2752f1b, org.springframework.security.web.savedrequest.RequestCacheAwareFilter@29ed1a21, org.springframework.security.web.servletapi.SecurityContextHolderAwareRequestFilter@51359e1e, org.springframework.security.web.authentication.AnonymousAuthenticationFilter@2b1dee04, org.springframework.security.web.session.SessionManagementFilter@c09bdf9, org.springframework.security.web.access.ExceptionTranslationFilter@25ca442d, org.springframework.security.web.access.intercept.FilterSecurityInterceptor@2fef0231]
2023-05-31 16:45:39.723  INFO 32624 --- [restartedMain] o.s.b.a.w.s.WelcomePageHandlerMapping    : Adding welcome page template: index
2023-05-31 16:45:40.600  INFO 32624 --- [restartedMain] o.s.b.d.a.OptionalLiveReloadServer       : LiveReload server is running on port 35729
2023-05-31 16:45:40.625  INFO 32624 --- [restartedMain] o.s.b.w.embedded.tomcat.TomcatWebServer  : Tomcat started on port(s): 8080 (http) with context path '/purchaseadmin'
2023-05-31 16:45:40.637  INFO 32624 --- [restartedMain] c.c.a.PurchasePortalBackEndApplication   : Started PurchasePortalBackEndApplication in 2.637 seconds (JVM running for 378.479)
2023-05-31 16:45:40.640  INFO 32624 --- [restartedMain] .ConditionEvaluationDeltaLoggingListener : Condition evaluation unchanged
2023-05-31 16:50:53.177  INFO 32624 --- [File Watcher] rtingClassPathChangeChangedEventListener : Restarting due to 1 class path change (0 additions, 0 deletions, 1 modification)
2023-05-31 16:50:53.217  INFO 32624 --- [Thread-19] o.apache.catalina.core.StandardService   : Stopping service [Tomcat]
2023-05-31 16:50:53.227  INFO 32624 --- [Thread-19] j.LocalContainerEntityManagerFactoryBean : Closing JPA EntityManagerFactory for persistence unit 'default'
2023-05-31 16:50:53.228  INFO 32624 --- [Thread-19] com.zaxxer.hikari.HikariDataSource       : HikariPool-5 - Shutdown initiated...
2023-05-31 16:50:53.249  INFO 32624 --- [Thread-19] com.zaxxer.hikari.HikariDataSource       : HikariPool-5 - Shutdown completed.
2023-05-31 16:50:53.514  INFO 32624 --- [restartedMain] c.c.a.PurchasePortalBackEndApplication   : Starting PurchasePortalBackEndApplication using Java 17.0.1 on BinThabit with PID 32624 (C:\Users\Khalil\CST833\PurchasePortal\PurchasePortalWebParent\PurchasePortalBackEnd\target\classes started by Khalil in C:\Users\Khalil\CST833\PurchasePortal\PurchasePortalWebParent\PurchasePortalBackEnd)
2023-05-31 16:50:53.515  INFO 32624 --- [restartedMain] c.c.a.PurchasePortalBackEndApplication   : No active profile set, falling back to 1 default profile: "default"
2023-05-31 16:50:54.092  INFO 32624 --- [restartedMain] .s.d.r.c.RepositoryConfigurationDelegate : Bootstrapping Spring Data JPA repositories in DEFAULT mode.
2023-05-31 16:50:54.130  INFO 32624 --- [restartedMain] .s.d.r.c.RepositoryConfigurationDelegate : Finished Spring Data repository scanning in 36 ms. Found 3 JPA repository interfaces.
2023-05-31 16:50:54.378  INFO 32624 --- [restartedMain] o.s.b.w.embedded.tomcat.TomcatWebServer  : Tomcat initialized with port(s): 8080 (http)
2023-05-31 16:50:54.379  INFO 32624 --- [restartedMain] o.apache.catalina.core.StandardService   : Starting service [Tomcat]
2023-05-31 16:50:54.380  INFO 32624 --- [restartedMain] org.apache.catalina.core.StandardEngine  : Starting Servlet engine: [Apache Tomcat/9.0.75]
2023-05-31 16:50:54.427  INFO 32624 --- [restartedMain] o.a.c.c.C.[.[.[/purchaseadmin]           : Initializing Spring embedded WebApplicationContext
2023-05-31 16:50:54.428  INFO 32624 --- [restartedMain] w.s.c.ServletWebServerApplicationContext : Root WebApplicationContext: initialization completed in 877 ms
2023-05-31 16:50:54.522  INFO 32624 --- [restartedMain] o.hibernate.jpa.internal.util.LogHelper  : HHH000204: Processing PersistenceUnitInfo [name: default]
2023-05-31 16:50:54.565  INFO 32624 --- [restartedMain] com.zaxxer.hikari.HikariDataSource       : HikariPool-6 - Starting...
2023-05-31 16:50:54.604  INFO 32624 --- [restartedMain] com.zaxxer.hikari.HikariDataSource       : HikariPool-6 - Start completed.
2023-05-31 16:50:54.605  INFO 32624 --- [restartedMain] org.hibernate.dialect.Dialect            : HHH000400: Using dialect: org.hibernate.dialect.MySQL8Dialect
2023-05-31 16:50:54.816  INFO 32624 --- [restartedMain] o.h.e.t.j.p.i.JtaPlatformInitiator       : HHH000490: Using JtaPlatform implementation: [org.hibernate.engine.transaction.jta.platform.internal.NoJtaPlatform]
2023-05-31 16:50:54.817  INFO 32624 --- [restartedMain] j.LocalContainerEntityManagerFactoryBean : Initialized JPA EntityManagerFactory for persistence unit 'default'
2023-05-31 16:50:55.099  WARN 32624 --- [restartedMain] JpaBaseConfiguration$JpaWebConfiguration : spring.jpa.open-in-view is enabled by default. Therefore, database queries may be performed during view rendering. Explicitly configure spring.jpa.open-in-view to disable this warning
2023-05-31 16:50:55.248  WARN 32624 --- [restartedMain] o.s.s.c.a.web.builders.WebSecurity       : You are asking Spring Security to ignore Ant [pattern='/images/**']. This is not recommended -- please use permitAll via HttpSecurity#authorizeHttpRequests instead.
2023-05-31 16:50:55.249  INFO 32624 --- [restartedMain] o.s.s.web.DefaultSecurityFilterChain     : Will not secure Ant [pattern='/images/**']
2023-05-31 16:50:55.249  WARN 32624 --- [restartedMain] o.s.s.c.a.web.builders.WebSecurity       : You are asking Spring Security to ignore Ant [pattern='/js/**']. This is not recommended -- please use permitAll via HttpSecurity#authorizeHttpRequests instead.
2023-05-31 16:50:55.249  INFO 32624 --- [restartedMain] o.s.s.web.DefaultSecurityFilterChain     : Will not secure Ant [pattern='/js/**']
2023-05-31 16:50:55.249  WARN 32624 --- [restartedMain] o.s.s.c.a.web.builders.WebSecurity       : You are asking Spring Security to ignore Ant [pattern='/webjars/**']. This is not recommended -- please use permitAll via HttpSecurity#authorizeHttpRequests instead.
2023-05-31 16:50:55.249  INFO 32624 --- [restartedMain] o.s.s.web.DefaultSecurityFilterChain     : Will not secure Ant [pattern='/webjars/**']
2023-05-31 16:50:55.249  WARN 32624 --- [restartedMain] o.s.s.c.a.web.builders.WebSecurity       : You are asking Spring Security to ignore Ant [pattern='/style/**']. This is not recommended -- please use permitAll via HttpSecurity#authorizeHttpRequests instead.
2023-05-31 16:50:55.249  INFO 32624 --- [restartedMain] o.s.s.web.DefaultSecurityFilterChain     : Will not secure Ant [pattern='/style/**']
2023-05-31 16:50:55.274  INFO 32624 --- [restartedMain] o.s.s.web.DefaultSecurityFilterChain     : Will secure any request with [org.springframework.security.web.session.DisableEncodeUrlFilter@77aee7c4, org.springframework.security.web.context.request.async.WebAsyncManagerIntegrationFilter@795bb141, org.springframework.security.web.context.SecurityContextPersistenceFilter@668be2e7, org.springframework.security.web.header.HeaderWriterFilter@4581b96b, org.springframework.security.web.csrf.CsrfFilter@76d45cda, org.springframework.security.web.authentication.logout.LogoutFilter@6048c0a3, org.springframework.security.web.authentication.UsernamePasswordAuthenticationFilter@7f297495, org.springframework.security.web.savedrequest.RequestCacheAwareFilter@36992e49, org.springframework.security.web.servletapi.SecurityContextHolderAwareRequestFilter@7e1b8310, org.springframework.security.web.authentication.AnonymousAuthenticationFilter@6b4785b, org.springframework.security.web.session.SessionManagementFilter@326d4afc, org.springframework.security.web.access.ExceptionTranslationFilter@7b156afd, org.springframework.security.web.access.intercept.FilterSecurityInterceptor@4067eee7]
2023-05-31 16:50:55.408  INFO 32624 --- [restartedMain] o.s.b.a.w.s.WelcomePageHandlerMapping    : Adding welcome page template: index
2023-05-31 16:50:56.305  INFO 32624 --- [restartedMain] o.s.b.d.a.OptionalLiveReloadServer       : LiveReload server is running on port 35729
2023-05-31 16:50:56.334  INFO 32624 --- [restartedMain] o.s.b.w.embedded.tomcat.TomcatWebServer  : Tomcat started on port(s): 8080 (http) with context path '/purchaseadmin'
2023-05-31 16:50:56.348  INFO 32624 --- [restartedMain] c.c.a.PurchasePortalBackEndApplication   : Started PurchasePortalBackEndApplication in 2.978 seconds (JVM running for 694.191)
2023-05-31 16:50:56.352  INFO 32624 --- [restartedMain] .ConditionEvaluationDeltaLoggingListener : Condition evaluation unchanged
2023-05-31 16:57:50.550  INFO 32624 --- [File Watcher] rtingClassPathChangeChangedEventListener : Restarting due to 1 class path change (0 additions, 0 deletions, 1 modification)
2023-05-31 16:57:50.601  INFO 32624 --- [Thread-23] o.apache.catalina.core.StandardService   : Stopping service [Tomcat]
2023-05-31 16:57:50.612  INFO 32624 --- [Thread-23] j.LocalContainerEntityManagerFactoryBean : Closing JPA EntityManagerFactory for persistence unit 'default'
2023-05-31 16:57:50.613  INFO 32624 --- [Thread-23] com.zaxxer.hikari.HikariDataSource       : HikariPool-6 - Shutdown initiated...
2023-05-31 16:57:50.629  INFO 32624 --- [Thread-23] com.zaxxer.hikari.HikariDataSource       : HikariPool-6 - Shutdown completed.
